<?xml version="1.0" encoding="UTF-8"?>
<!-- Generated by org.testng.reporters.JUnitReportReporter -->
<testsuite hostname="Ratin-PC" failures="0" tests="1" name="com.aturian.testscripts.SigninPageTest" time="5.527" errors="0" timestamp="2023-10-27T12:10:15 IST" skipped="0">
  <testcase classname="com.aturian.testscripts.SigninPageTest" name="loginPageTitleTest" time="5.527"/>
</testsuite> <!-- com.aturian.testscripts.SigninPageTest -->
